
> @gympro/web@0.1.0 build C:\Users\mlap\OneDrive\Desktop\appli-complete\Gym Pro Platform\apps\web
> next build

   ▲ Next.js 14.1.0
   - Environments: .env.local

   Creating an optimized production build ...

[next-intl] Reading request configuration from ./src/i18n.ts is deprecated, please see https://next-intl.dev/blog/next-intl-3-22#i18n-request — you can either move your configuration to ./i18n/request.ts or provide a custom path in your Next.js config:

const withNextIntl = createNextIntlPlugin(
  './path/to/i18n/request.tsx'
);

 ✓ Compiled successfully
   Linting and checking validity of types ...
   Collecting page data ...
   Generating static pages (0/5) ...
   Generating static pages (1/5) 
   Generating static pages (2/5) 
   Generating static pages (3/5) 
 ✓ Generating static pages (5/5) 
   Finalizing page optimization ...
   Collecting build traces ...

Route (app)                              Size     First Load JS
┌ ○ /_not-found                          884 B          85.1 kB
├ λ /[locale]                            37.7 kB         122 kB
├ λ /[locale]/billing                    167 B          84.4 kB
├ λ /[locale]/bookings                   167 B          84.4 kB
├ λ /[locale]/classes                    166 B          84.4 kB
├ λ /[locale]/coaches                    166 B          84.4 kB
├ λ /[locale]/contact                    166 B          84.4 kB
├ λ /[locale]/dashboard                  166 B          84.4 kB
├ λ /[locale]/login                      1.59 kB         114 kB
├ λ /[locale]/pricing                    166 B          84.4 kB
├ λ /[locale]/profile                    166 B          84.4 kB
├ λ /[locale]/register                   1.86 kB         114 kB
├ λ /api/auth/login                      0 B                0 B
└ λ /api/auth/register                   0 B                0 B
+ First Load JS shared by all            84.2 kB
  ├ chunks/686-35d46eaa37d51314.js       28.9 kB
  ├ chunks/69c4c07a-29cb8105ae1ccf5c.js  53.4 kB
  └ other shared chunks (total)          1.96 kB


ƒ Middleware                             63 kB

○  (Static)   prerendered as static content
λ  (Dynamic)  server-rendered on demand using Node.js

